<?xml version="1.0" encoding="UTF-8"?>
<!-- Generated by org.testng.reporters.JUnitReportReporter -->
<testsuite hostname="OJAS-LD13" failures="0" tests="1" name="batchexcution.application" time="8.003" errors="0" timestamp="20 Jul 2021 12:44:44 GMT" skipped="0">
  <testcase classname="batchexcution.application" name="application" time="8.003"/>
</testsuite> <!-- batchexcution.application -->
