<?xml version="1.0" encoding="UTF-8"?>
<!-- Generated by org.testng.reporters.JUnitReportReporter -->
<testsuite hostname="OJAS-LD13" failures="0" tests="1" name="batchexcution.url" time="0.013" errors="0" timestamp="20 Jul 2021 12:47:10 GMT" skipped="0">
  <testcase classname="batchexcution.url" name="m1" time="0.013"/>
</testsuite> <!-- batchexcution.url -->
