<?xml version="1.0" encoding="UTF-8"?>
<!-- Generated by org.testng.reporters.JUnitReportReporter -->
<testsuite hostname="OJAS-LD13" failures="0" tests="1" name="testngscripts.demo" time="0.020" errors="0" timestamp="20 Jul 2021 12:38:06 GMT" skipped="0">
  <testcase classname="testngscripts.demo" name="run" time="0.020"/>
</testsuite> <!-- testngscripts.demo -->
